#
# A fatal error has been detected by the Java Runtime Environment:
#
#  EXCEPTION_ACCESS_VIOLATION (0xc0000005) at pc=0x00007ff80cbb5203, pid=18756, tid=12276
#
# JRE version: OpenJDK Runtime Environment (16.0.1+9) (build 16.0.1+9-24)
# Java VM: OpenJDK 64-Bit Server VM (16.0.1+9-24, mixed mode, tiered, compressed oops, compressed class ptrs, g1 gc, windows-amd64)
# Problematic frame:
# V  [jvm.dll+0x6e5203]
#
# No core dump will be written. Minidumps are not enabled by default on client versions of Windows
#
# If you would like to submit a bug report, please visit:
#   https://bugreport.java.com/bugreport/crash.jsp
#

---------------  S U M M A R Y ------------

Command Line: -XX:+ShowCodeDetailsInExceptionMessages -agentlib:jdwp=transport=dt_socket,suspend=y,address=localhost:12090 -Xss16m -javaagent:E:\UW\JAVA\eclipse\configuration\org.eclipse.osgi\222\0\.cp\lib\javaagent-shaded.jar -Dfile.encoding=UTF-8 --module-path=C:\Users\cbuyu\eclipse-workspace\ForStudy\bin -Djdk.module.main=ForStudy ForStudy/LeetCode.T362

Host: Intel(R) Core(TM) i5-7200U CPU @ 2.50GHz, 4 cores, 7G,  Windows 10 , 64 bit Build 19041 (10.0.19041.1348)
Time: Mon Jan 10 10:11:03 2022  Windows 10 , 64 bit Build 19041 (10.0.19041.1348) elapsed time: 330.934935 seconds (0d 0h 5m 30s)

---------------  T H R E A D  ---------------

Current thread (0x000002751ad433d0):  JavaThread "main" [_thread_in_vm, id=12276, stack(0x000000e2a2f00000,0x000000e2a3f00000)]

Stack: [0x000000e2a2f00000,0x000000e2a3f00000],  sp=0x000000e2a3eff290,  free space=16380k
Native frames: (J=compiled Java code, j=interpreted, Vv=VM code, C=native code)
V  [jvm.dll+0x6e5203]
V  [jvm.dll+0x2bf843]
V  [jvm.dll+0x379e88]
V  [jvm.dll+0x37961f]
C  0x000002751e2d67ac

Java frames: (J=compiled Java code, j=interpreted, Vv=VM code)
j  LeetCode.T362.main([Ljava/lang/String;)V+102 ForStudy
v  ~StubRoutines::call_stub

siginfo: EXCEPTION_ACCESS_VIOLATION (0xc0000005), reading address 0x0000000000000004


Register to memory mapping:

RIP=0x00007ff80cbb5203 jvm.dll
RAX=0x0 is NULL
RBX=0x0 is NULL
RCX=0x000000e2a3eff2b0 is pointing into the stack for thread: 0x000002751ad433d0
RDX=0x0 is NULL
RSP=0x000000e2a3eff290 is pointing into the stack for thread: 0x000002751ad433d0
RBP=0x000000e2a3eff440 is pointing into the stack for thread: 0x000002751ad433d0
RSI=0x0000027518b61210 points into unknown readable memory: 0x7372657300000002 | 02 00 00 00 73 65 72 73
RDI=0x000002751ad433d0 is a thread
R8 =0x0 is NULL
R9 =0x0000027535d3b308 is pointing into metadata
R10=0x000002751e2b0000 points into unknown readable memory: 0x0000000000000006 | 06 00 00 00 00 00 00 00
R11=0x000000e2a3eff2e8 is pointing into the stack for thread: 0x000002751ad433d0
R12=0x000002751ad438f0 points into unknown readable memory: 0x0000000000000000 | 00 00 00 00 00 00 00 00
R13=0x000002751ad43900 points into unknown readable memory: 0x65646f437465654c | 4c 65 65 74 43 6f 64 65
R14=0x000000e2a3eff310 is pointing into the stack for thread: 0x000002751ad433d0
R15=0x00000000000000b6 is an unknown value


Registers:
RAX=0x0000000000000000, RBX=0x0000000000000000, RCX=0x000000e2a3eff2b0, RDX=0x0000000000000000
RSP=0x000000e2a3eff290, RBP=0x000000e2a3eff440, RSI=0x0000027518b61210, RDI=0x000002751ad433d0
R8 =0x0000000000000000, R9 =0x0000027535d3b308, R10=0x000002751e2b0000, R11=0x000000e2a3eff2e8
R12=0x000002751ad438f0, R13=0x000002751ad43900, R14=0x000000e2a3eff310, R15=0x00000000000000b6
RIP=0x00007ff80cbb5203, EFLAGS=0x0000000000010246

Top of Stack: (sp=0x000000e2a3eff290)
0x000000e2a3eff290:   000002751ad436e0 000002751ad34690
0x000000e2a3eff2a0:   0000000000000006 00007ff80c79172f
0x000000e2a3eff2b0:   0000000000000000 000002751ad436e0
0x000000e2a3eff2c0:   000002751ad3da20 0000000000000001
0x000000e2a3eff2d0:   000002751ad433d0 00007ff80c7916cc
0x000000e2a3eff2e0:   0000000000000000 00007ff80c78f843
0x000000e2a3eff2f0:   000000e2a3eff3a8 0000027518b61210
0x000000e2a3eff300:   000002751ad433d0 00007ff80c70a62e
0x000000e2a3eff310:   0000000000000000 0000027500000063
0x000000e2a3eff320:   0000000000000000 00007ff800000000
0x000000e2a3eff330:   0000000000000000 00007ff80c849e88
0x000000e2a3eff340:   0000000000000000 0000027518b61210
0x000000e2a3eff350:   0000027518b5b9a0 00007ff80c9ec99b
0x000000e2a3eff360:   0000027518b5b9a0 000002751ad433d0
0x000000e2a3eff370:   0000027535d3bc20 000002751ad433d0
0x000000e2a3eff380:   0000000000000066 000002751ad433d0 

Instructions: (pc=0x00007ff80cbb5203)
0x00007ff80cbb5103:   18 48 89 11 c7 41 08 63 00 00 00 49 8d 4b c8 0f
0x00007ff80cbb5113:   b7 42 04 89 44 24 30 48 8b 05 47 08 41 00 c7 44
0x00007ff80cbb5123:   24 3c 01 00 00 00 c7 44 24 2c 01 00 00 00 c7 44
0x00007ff80cbb5133:   24 28 01 00 00 00 89 5c 24 34 49 89 43 e8 49 89
0x00007ff80cbb5143:   5b f0 e8 f6 0e 00 00 83 7c 24 3c 03 74 25 8b fb
0x00007ff80cbb5153:   0f 1f 40 00 66 0f 1f 84 00 00 00 00 00 ff c7 48
0x00007ff80cbb5163:   8d 4c 24 20 89 7e 18 e8 d1 0e 00 00 83 7c 24 3c
0x00007ff80cbb5173:   03 75 ea 8b 44 24 38 48 8b 4c 24 40 89 46 08 e8
0x00007ff80cbb5183:   09 f9 04 00 48 8b 6c 24 48 48 85 ed 74 27 39 5d
0x00007ff80cbb5193:   00 7e 22 48 8b fb 0f 1f 80 00 00 00 00 48 8b 4d
0x00007ff80cbb51a3:   08 48 8b 0c 39 e8 e3 f8 04 00 ff c3 48 8d 7f 08
0x00007ff80cbb51b3:   3b 5d 00 7c e8 48 8b 5c 24 60 48 8b c6 48 8b 74
0x00007ff80cbb51c3:   24 70 48 8b 6c 24 68 48 83 c4 50 5f c3 4c 8b dc
0x00007ff80cbb51d3:   49 89 5b 08 49 89 73 10 49 89 7b 18 41 56 48 83
0x00007ff80cbb51e3:   ec 50 49 89 53 c8 33 db 48 89 59 10 4c 8b f1 89
0x00007ff80cbb51f3:   59 18 48 89 11 c7 41 08 63 00 00 00 49 8d 4b c8
0x00007ff80cbb5203:   0f b7 42 04 89 44 24 30 48 8b 05 56 07 41 00 c7
0x00007ff80cbb5213:   44 24 3c 01 00 00 00 c7 44 24 2c 01 00 00 00 c7
0x00007ff80cbb5223:   44 24 28 01 00 00 00 89 5c 24 34 49 89 43 e8 49
0x00007ff80cbb5233:   89 5b f0 e8 05 0e 00 00 83 7c 24 3c 03 74 36 8b
0x00007ff80cbb5243:   fb 0f 1f 40 00 0f 1f 84 00 00 00 00 00 8b 44 24
0x00007ff80cbb5253:   38 83 c0 f9 83 e0 fb f7 d8 1b c9 83 c1 02 03 f9
0x00007ff80cbb5263:   48 8d 4c 24 20 41 89 7e 18 e8 cf 0d 00 00 83 7c
0x00007ff80cbb5273:   24 3c 03 75 d8 8b 44 24 38 48 8b 4c 24 40 41 89
0x00007ff80cbb5283:   46 08 e8 06 f8 04 00 48 8b 74 24 48 48 85 f6 74
0x00007ff80cbb5293:   23 39 1e 7e 1f 48 8b fb 0f 1f 44 00 00 48 8b 4e
0x00007ff80cbb52a3:   08 48 8b 0c 39 e8 e3 f7 04 00 ff c3 48 8d 7f 08
0x00007ff80cbb52b3:   3b 1e 7c e9 48 8b 5c 24 60 49 8b c6 48 8b 74 24
0x00007ff80cbb52c3:   68 48 8b 7c 24 70 48 83 c4 50 41 5e c3 48 89 5c
0x00007ff80cbb52d3:   24 10 48 89 6c 24 18 57 48 83 ec 50 33 ff 48 89
0x00007ff80cbb52e3:   11 48 89 79 10 48 8b d9 89 79 18 c7 41 08 63 00
0x00007ff80cbb52f3:   00 00 48 8d 4c 24 20 0f b7 42 04 89 44 24 30 48 


Stack slot to memory mapping:
stack at sp + 0 slots: 0x000002751ad436e0 points into unknown readable memory: 0x00007ff80cf433d0 | d0 33 f4 0c f8 7f 00 00
stack at sp + 1 slots: 0x000002751ad34690 points into unknown readable memory: 0x00007ff80cf4c150 | 50 c1 f4 0c f8 7f 00 00
stack at sp + 2 slots: 0x0000000000000006 is an unknown value
stack at sp + 3 slots: 0x00007ff80c79172f jvm.dll
stack at sp + 4 slots: 0x0 is NULL
stack at sp + 5 slots: 0x000002751ad436e0 points into unknown readable memory: 0x00007ff80cf433d0 | d0 33 f4 0c f8 7f 00 00
stack at sp + 6 slots: 0x000002751ad3da20 points into unknown readable memory: 0x0000000000000000 | 00 00 00 00 00 00 00 00
stack at sp + 7 slots: 0x0000000000000001 is an unknown value


---------------  P R O C E S S  ---------------

Threads class SMR info:
_java_thread_list=0x00000275353e70c0, length=15, elements={
0x000002751ad433d0, 0x00000275342af630, 0x00000275342b2e10, 0x000002753430a050,
0x0000027534c0d090, 0x0000027534c0d9a0, 0x0000027534c0eff0, 0x0000027534c1a810,
0x0000027534c1d170, 0x0000027534c2df00, 0x0000027534d79070, 0x0000027534f65200,
0x0000027534ece670, 0x0000027534f5fbd0, 0x0000027534d78b20
}

Java Threads: ( => current thread )
=>0x000002751ad433d0 JavaThread "main" [_thread_in_vm, id=12276, stack(0x000000e2a2f00000,0x000000e2a3f00000)]
  0x00000275342af630 JavaThread "Reference Handler" daemon [_thread_blocked, id=20452, stack(0x000000e2a4500000,0x000000e2a5500000)]
  0x00000275342b2e10 JavaThread "Finalizer" daemon [_thread_blocked, id=2920, stack(0x000000e2a5500000,0x000000e2a6500000)]
  0x000002753430a050 JavaThread "Signal Dispatcher" daemon [_thread_blocked, id=13012, stack(0x000000e2a6500000,0x000000e2a7500000)]
  0x0000027534c0d090 JavaThread "Attach Listener" daemon [_thread_blocked, id=11956, stack(0x000000e2a7500000,0x000000e2a8500000)]
  0x0000027534c0d9a0 JavaThread "Service Thread" daemon [_thread_blocked, id=8152, stack(0x000000e2a8500000,0x000000e2a9500000)]
  0x0000027534c0eff0 JavaThread "Monitor Deflation Thread" daemon [_thread_blocked, id=2980, stack(0x000000e2a9500000,0x000000e2aa500000)]
  0x0000027534c1a810 JavaThread "C2 CompilerThread0" daemon [_thread_blocked, id=3928, stack(0x000000e2aa500000,0x000000e2aa600000)]
  0x0000027534c1d170 JavaThread "C1 CompilerThread0" daemon [_thread_blocked, id=3320, stack(0x000000e2aa600000,0x000000e2aa700000)]
  0x0000027534c2df00 JavaThread "Sweeper thread" daemon [_thread_blocked, id=18500, stack(0x000000e2aa700000,0x000000e2ab700000)]
  0x0000027534d79070 JavaThread "Common-Cleaner" daemon [_thread_blocked, id=6572, stack(0x000000e2ab700000,0x000000e2ac700000)]
  0x0000027534f65200 JavaThread "JDWP Transport Listener: dt_socket" daemon [_thread_blocked, id=9672, stack(0x000000e2ac700000,0x000000e2ad700000)]
  0x0000027534ece670 JavaThread "JDWP Event Helper Thread" daemon [_thread_blocked, id=7124, stack(0x000000e2ad700000,0x000000e2ae700000)]
  0x0000027534f5fbd0 JavaThread "JDWP Command Reader" daemon [_thread_in_native, id=12252, stack(0x000000e2ae700000,0x000000e2af700000)]
  0x0000027534d78b20 JavaThread "Notification Thread" daemon [_thread_blocked, id=18424, stack(0x000000e2af700000,0x000000e2b0700000)]

Other Threads:
  0x00000275342c7800 VMThread "VM Thread" [stack: 0x000000e2a4400000,0x000000e2a4500000] [id=15416]
  0x0000027534f4ec70 WatcherThread [stack: 0x000000e2b0700000,0x000000e2b0800000] [id=14328]
  0x0000027518c3e820 GCTaskThread "GC Thread#0" [stack: 0x000000e2a3f00000,0x000000e2a4000000] [id=16088]
  0x000002751ad90c90 ConcurrentGCThread "G1 Main Marker" [stack: 0x000000e2a4000000,0x000000e2a4100000] [id=13060]
  0x000002751ad91520 ConcurrentGCThread "G1 Conc#0" [stack: 0x000000e2a4100000,0x000000e2a4200000] [id=740]
  0x000002751ae0b230 ConcurrentGCThread "G1 Refine#0" [stack: 0x000000e2a4200000,0x000000e2a4300000] [id=18936]
  0x000002751ae0cad0 ConcurrentGCThread "G1 Service" [stack: 0x000000e2a4300000,0x000000e2a4400000] [id=14848]

Threads with active compile tasks:

VM state: not at safepoint (normal execution)

VM Mutex/Monitor currently owned by a thread: None

Heap address: 0x0000000081800000, size: 2024 MB, Compressed Oops mode: 32-bit

CDS disabled.
Compressed class space mapped at: 0x0000000100000000-0x0000000140000000, reserved size: 1073741824
Narrow klass base: 0x0000000000000000, Narrow klass shift: 3, Narrow klass range: 0x140000000

GC Precious Log:
 CPUs: 4 total, 4 available
 Memory: 8094M
 Large Page Support: Disabled
 NUMA Support: Disabled
 Compressed Oops: Enabled (32-bit)
 Heap Region Size: 1M
 Heap Min Capacity: 8M
 Heap Initial Capacity: 128M
 Heap Max Capacity: 2024M
 Pre-touch: Disabled
 Parallel Workers: 4
 Concurrent Workers: 1
 Concurrent Refinement Workers: 4
 Periodic GC: Disabled

Heap:
 garbage-first heap   total 131072K, used 5120K [0x0000000081800000, 0x0000000100000000)
  region size 1024K, 6 young (6144K), 0 survivors (0K)
 Metaspace       used 9724K, committed 9856K, reserved 1064960K
  class space    used 843K, committed 896K, reserved 1048576K

Heap Regions: E=young(eden), S=young(survivor), O=old, HS=humongous(starts), HC=humongous(continues), CS=collection set, F=free, OA=open archive, CA=closed archive, TAMS=top-at-mark-start (previous, next)
|   0|0x0000000081800000, 0x0000000081800000, 0x0000000081900000|  0%| F|  |TAMS 0x0000000081800000, 0x0000000081800000| Untracked 
|   1|0x0000000081900000, 0x0000000081900000, 0x0000000081a00000|  0%| F|  |TAMS 0x0000000081900000, 0x0000000081900000| Untracked 
|   2|0x0000000081a00000, 0x0000000081a00000, 0x0000000081b00000|  0%| F|  |TAMS 0x0000000081a00000, 0x0000000081a00000| Untracked 
|   3|0x0000000081b00000, 0x0000000081b00000, 0x0000000081c00000|  0%| F|  |TAMS 0x0000000081b00000, 0x0000000081b00000| Untracked 
|   4|0x0000000081c00000, 0x0000000081c00000, 0x0000000081d00000|  0%| F|  |TAMS 0x0000000081c00000, 0x0000000081c00000| Untracked 
|   5|0x0000000081d00000, 0x0000000081d00000, 0x0000000081e00000|  0%| F|  |TAMS 0x0000000081d00000, 0x0000000081d00000| Untracked 
|   6|0x0000000081e00000, 0x0000000081e00000, 0x0000000081f00000|  0%| F|  |TAMS 0x0000000081e00000, 0x0000000081e00000| Untracked 
|   7|0x0000000081f00000, 0x0000000081f00000, 0x0000000082000000|  0%| F|  |TAMS 0x0000000081f00000, 0x0000000081f00000| Untracked 
|   8|0x0000000082000000, 0x0000000082000000, 0x0000000082100000|  0%| F|  |TAMS 0x0000000082000000, 0x0000000082000000| Untracked 
|   9|0x0000000082100000, 0x0000000082100000, 0x0000000082200000|  0%| F|  |TAMS 0x0000000082100000, 0x0000000082100000| Untracked 
|  10|0x0000000082200000, 0x0000000082200000, 0x0000000082300000|  0%| F|  |TAMS 0x0000000082200000, 0x0000000082200000| Untracked 
|  11|0x0000000082300000, 0x0000000082300000, 0x0000000082400000|  0%| F|  |TAMS 0x0000000082300000, 0x0000000082300000| Untracked 
|  12|0x0000000082400000, 0x0000000082400000, 0x0000000082500000|  0%| F|  |TAMS 0x0000000082400000, 0x0000000082400000| Untracked 
|  13|0x0000000082500000, 0x0000000082500000, 0x0000000082600000|  0%| F|  |TAMS 0x0000000082500000, 0x0000000082500000| Untracked 
|  14|0x0000000082600000, 0x0000000082600000, 0x0000000082700000|  0%| F|  |TAMS 0x0000000082600000, 0x0000000082600000| Untracked 
|  15|0x0000000082700000, 0x0000000082700000, 0x0000000082800000|  0%| F|  |TAMS 0x0000000082700000, 0x0000000082700000| Untracked 
|  16|0x0000000082800000, 0x0000000082800000, 0x0000000082900000|  0%| F|  |TAMS 0x0000000082800000, 0x0000000082800000| Untracked 
|  17|0x0000000082900000, 0x0000000082900000, 0x0000000082a00000|  0%| F|  |TAMS 0x0000000082900000, 0x0000000082900000| Untracked 
|  18|0x0000000082a00000, 0x0000000082a00000, 0x0000000082b00000|  0%| F|  |TAMS 0x0000000082a00000, 0x0000000082a00000| Untracked 
|  19|0x0000000082b00000, 0x0000000082b00000, 0x0000000082c00000|  0%| F|  |TAMS 0x0000000082b00000, 0x0000000082b00000| Untracked 
|  20|0x0000000082c00000, 0x0000000082c00000, 0x0000000082d00000|  0%| F|  |TAMS 0x0000000082c00000, 0x0000000082c00000| Untracked 
|  21|0x0000000082d00000, 0x0000000082d00000, 0x0000000082e00000|  0%| F|  |TAMS 0x0000000082d00000, 0x0000000082d00000| Untracked 
|  22|0x0000000082e00000, 0x0000000082e00000, 0x0000000082f00000|  0%| F|  |TAMS 0x0000000082e00000, 0x0000000082e00000| Untracked 
|  23|0x0000000082f00000, 0x0000000082f00000, 0x0000000083000000|  0%| F|  |TAMS 0x0000000082f00000, 0x0000000082f00000| Untracked 
|  24|0x0000000083000000, 0x0000000083000000, 0x0000000083100000|  0%| F|  |TAMS 0x0000000083000000, 0x0000000083000000| Untracked 
|  25|0x0000000083100000, 0x0000000083100000, 0x0000000083200000|  0%| F|  |TAMS 0x0000000083100000, 0x0000000083100000| Untracked 
|  26|0x0000000083200000, 0x0000000083200000, 0x0000000083300000|  0%| F|  |TAMS 0x0000000083200000, 0x0000000083200000| Untracked 
|  27|0x0000000083300000, 0x0000000083300000, 0x0000000083400000|  0%| F|  |TAMS 0x0000000083300000, 0x0000000083300000| Untracked 
|  28|0x0000000083400000, 0x0000000083400000, 0x0000000083500000|  0%| F|  |TAMS 0x0000000083400000, 0x0000000083400000| Untracked 
|  29|0x0000000083500000, 0x0000000083500000, 0x0000000083600000|  0%| F|  |TAMS 0x0000000083500000, 0x0000000083500000| Untracked 
|  30|0x0000000083600000, 0x0000000083600000, 0x0000000083700000|  0%| F|  |TAMS 0x0000000083600000, 0x0000000083600000| Untracked 
|  31|0x0000000083700000, 0x0000000083700000, 0x0000000083800000|  0%| F|  |TAMS 0x0000000083700000, 0x0000000083700000| Untracked 
|  32|0x0000000083800000, 0x0000000083800000, 0x0000000083900000|  0%| F|  |TAMS 0x0000000083800000, 0x0000000083800000| Untracked 
|  33|0x0000000083900000, 0x0000000083900000, 0x0000000083a00000|  0%| F|  |TAMS 0x0000000083900000, 0x0000000083900000| Untracked 
|  34|0x0000000083a00000, 0x0000000083a00000, 0x0000000083b00000|  0%| F|  |TAMS 0x0000000083a00000, 0x0000000083a00000| Untracked 
|  35|0x0000000083b00000, 0x0000000083b00000, 0x0000000083c00000|  0%| F|  |TAMS 0x0000000083b00000, 0x0000000083b00000| Untracked 
|  36|0x0000000083c00000, 0x0000000083c00000, 0x0000000083d00000|  0%| F|  |TAMS 0x0000000083c00000, 0x0000000083c00000| Untracked 
|  37|0x0000000083d00000, 0x0000000083d00000, 0x0000000083e00000|  0%| F|  |TAMS 0x0000000083d00000, 0x0000000083d00000| Untracked 
|  38|0x0000000083e00000, 0x0000000083e00000, 0x0000000083f00000|  0%| F|  |TAMS 0x0000000083e00000, 0x0000000083e00000| Untracked 
|  39|0x0000000083f00000, 0x0000000083f00000, 0x0000000084000000|  0%| F|  |TAMS 0x0000000083f00000, 0x0000000083f00000| Untracked 
|  40|0x0000000084000000, 0x0000000084000000, 0x0000000084100000|  0%| F|  |TAMS 0x0000000084000000, 0x0000000084000000| Untracked 
|  41|0x0000000084100000, 0x0000000084100000, 0x0000000084200000|  0%| F|  |TAMS 0x0000000084100000, 0x0000000084100000| Untracked 
|  42|0x0000000084200000, 0x0000000084200000, 0x0000000084300000|  0%| F|  |TAMS 0x0000000084200000, 0x0000000084200000| Untracked 
|  43|0x0000000084300000, 0x0000000084300000, 0x0000000084400000|  0%| F|  |TAMS 0x0000000084300000, 0x0000000084300000| Untracked 
|  44|0x0000000084400000, 0x0000000084400000, 0x0000000084500000|  0%| F|  |TAMS 0x0000000084400000, 0x0000000084400000| Untracked 
|  45|0x0000000084500000, 0x0000000084500000, 0x0000000084600000|  0%| F|  |TAMS 0x0000000084500000, 0x0000000084500000| Untracked 
|  46|0x0000000084600000, 0x0000000084600000, 0x0000000084700000|  0%| F|  |TAMS 0x0000000084600000, 0x0000000084600000| Untracked 
|  47|0x0000000084700000, 0x0000000084700000, 0x0000000084800000|  0%| F|  |TAMS 0x0000000084700000, 0x0000000084700000| Untracked 
|  48|0x0000000084800000, 0x0000000084800000, 0x0000000084900000|  0%| F|  |TAMS 0x0000000084800000, 0x0000000084800000| Untracked 
|  49|0x0000000084900000, 0x0000000084900000, 0x0000000084a00000|  0%| F|  |TAMS 0x0000000084900000, 0x0000000084900000| Untracked 
|  50|0x0000000084a00000, 0x0000000084a00000, 0x0000000084b00000|  0%| F|  |TAMS 0x0000000084a00000, 0x0000000084a00000| Untracked 
|  51|0x0000000084b00000, 0x0000000084b00000, 0x0000000084c00000|  0%| F|  |TAMS 0x0000000084b00000, 0x0000000084b00000| Untracked 
|  52|0x0000000084c00000, 0x0000000084c00000, 0x0000000084d00000|  0%| F|  |TAMS 0x0000000084c00000, 0x0000000084c00000| Untracked 
|  53|0x0000000084d00000, 0x0000000084d00000, 0x0000000084e00000|  0%| F|  |TAMS 0x0000000084d00000, 0x0000000084d00000| Untracked 
|  54|0x0000000084e00000, 0x0000000084e00000, 0x0000000084f00000|  0%| F|  |TAMS 0x0000000084e00000, 0x0000000084e00000| Untracked 
|  55|0x0000000084f00000, 0x0000000084f00000, 0x0000000085000000|  0%| F|  |TAMS 0x0000000084f00000, 0x0000000084f00000| Untracked 
|  56|0x0000000085000000, 0x0000000085000000, 0x0000000085100000|  0%| F|  |TAMS 0x0000000085000000, 0x0000000085000000| Untracked 
|  57|0x0000000085100000, 0x0000000085100000, 0x0000000085200000|  0%| F|  |TAMS 0x0000000085100000, 0x0000000085100000| Untracked 
|  58|0x0000000085200000, 0x0000000085200000, 0x0000000085300000|  0%| F|  |TAMS 0x0000000085200000, 0x0000000085200000| Untracked 
|  59|0x0000000085300000, 0x0000000085300000, 0x0000000085400000|  0%| F|  |TAMS 0x0000000085300000, 0x0000000085300000| Untracked 
|  60|0x0000000085400000, 0x0000000085400000, 0x0000000085500000|  0%| F|  |TAMS 0x0000000085400000, 0x0000000085400000| Untracked 
|  61|0x0000000085500000, 0x0000000085500000, 0x0000000085600000|  0%| F|  |TAMS 0x0000000085500000, 0x0000000085500000| Untracked 
|  62|0x0000000085600000, 0x0000000085600000, 0x0000000085700000|  0%| F|  |TAMS 0x0000000085600000, 0x0000000085600000| Untracked 
|  63|0x0000000085700000, 0x0000000085700000, 0x0000000085800000|  0%| F|  |TAMS 0x0000000085700000, 0x0000000085700000| Untracked 
|  64|0x0000000085800000, 0x0000000085800000, 0x0000000085900000|  0%| F|  |TAMS 0x0000000085800000, 0x0000000085800000| Untracked 
|  65|0x0000000085900000, 0x0000000085900000, 0x0000000085a00000|  0%| F|  |TAMS 0x0000000085900000, 0x0000000085900000| Untracked 
|  66|0x0000000085a00000, 0x0000000085a00000, 0x0000000085b00000|  0%| F|  |TAMS 0x0000000085a00000, 0x0000000085a00000| Untracked 
|  67|0x0000000085b00000, 0x0000000085b00000, 0x0000000085c00000|  0%| F|  |TAMS 0x0000000085b00000, 0x0000000085b00000| Untracked 
|  68|0x0000000085c00000, 0x0000000085c00000, 0x0000000085d00000|  0%| F|  |TAMS 0x0000000085c00000, 0x0000000085c00000| Untracked 
|  69|0x0000000085d00000, 0x0000000085d00000, 0x0000000085e00000|  0%| F|  |TAMS 0x0000000085d00000, 0x0000000085d00000| Untracked 
|  70|0x0000000085e00000, 0x0000000085e00000, 0x0000000085f00000|  0%| F|  |TAMS 0x0000000085e00000, 0x0000000085e00000| Untracked 
|  71|0x0000000085f00000, 0x0000000085f00000, 0x0000000086000000|  0%| F|  |TAMS 0x0000000085f00000, 0x0000000085f00000| Untracked 
|  72|0x0000000086000000, 0x0000000086000000, 0x0000000086100000|  0%| F|  |TAMS 0x0000000086000000, 0x0000000086000000| Untracked 
|  73|0x0000000086100000, 0x0000000086100000, 0x0000000086200000|  0%| F|  |TAMS 0x0000000086100000, 0x0000000086100000| Untracked 
|  74|0x0000000086200000, 0x0000000086200000, 0x0000000086300000|  0%| F|  |TAMS 0x0000000086200000, 0x0000000086200000| Untracked 
|  75|0x0000000086300000, 0x0000000086300000, 0x0000000086400000|  0%| F|  |TAMS 0x0000000086300000, 0x0000000086300000| Untracked 
|  76|0x0000000086400000, 0x0000000086400000, 0x0000000086500000|  0%| F|  |TAMS 0x0000000086400000, 0x0000000086400000| Untracked 
|  77|0x0000000086500000, 0x0000000086500000, 0x0000000086600000|  0%| F|  |TAMS 0x0000000086500000, 0x0000000086500000| Untracked 
|  78|0x0000000086600000, 0x0000000086600000, 0x0000000086700000|  0%| F|  |TAMS 0x0000000086600000, 0x0000000086600000| Untracked 
|  79|0x0000000086700000, 0x0000000086700000, 0x0000000086800000|  0%| F|  |TAMS 0x0000000086700000, 0x0000000086700000| Untracked 
|  80|0x0000000086800000, 0x0000000086800000, 0x0000000086900000|  0%| F|  |TAMS 0x0000000086800000, 0x0000000086800000| Untracked 
|  81|0x0000000086900000, 0x0000000086900000, 0x0000000086a00000|  0%| F|  |TAMS 0x0000000086900000, 0x0000000086900000| Untracked 
|  82|0x0000000086a00000, 0x0000000086a00000, 0x0000000086b00000|  0%| F|  |TAMS 0x0000000086a00000, 0x0000000086a00000| Untracked 
|  83|0x0000000086b00000, 0x0000000086b00000, 0x0000000086c00000|  0%| F|  |TAMS 0x0000000086b00000, 0x0000000086b00000| Untracked 
|  84|0x0000000086c00000, 0x0000000086c00000, 0x0000000086d00000|  0%| F|  |TAMS 0x0000000086c00000, 0x0000000086c00000| Untracked 
|  85|0x0000000086d00000, 0x0000000086d00000, 0x0000000086e00000|  0%| F|  |TAMS 0x0000000086d00000, 0x0000000086d00000| Untracked 
|  86|0x0000000086e00000, 0x0000000086e00000, 0x0000000086f00000|  0%| F|  |TAMS 0x0000000086e00000, 0x0000000086e00000| Untracked 
|  87|0x0000000086f00000, 0x0000000086f00000, 0x0000000087000000|  0%| F|  |TAMS 0x0000000086f00000, 0x0000000086f00000| Untracked 
|  88|0x0000000087000000, 0x0000000087000000, 0x0000000087100000|  0%| F|  |TAMS 0x0000000087000000, 0x0000000087000000| Untracked 
|  89|0x0000000087100000, 0x0000000087100000, 0x0000000087200000|  0%| F|  |TAMS 0x0000000087100000, 0x0000000087100000| Untracked 
|  90|0x0000000087200000, 0x0000000087200000, 0x0000000087300000|  0%| F|  |TAMS 0x0000000087200000, 0x0000000087200000| Untracked 
|  91|0x0000000087300000, 0x0000000087300000, 0x0000000087400000|  0%| F|  |TAMS 0x0000000087300000, 0x0000000087300000| Untracked 
|  92|0x0000000087400000, 0x0000000087400000, 0x0000000087500000|  0%| F|  |TAMS 0x0000000087400000, 0x0000000087400000| Untracked 
|  93|0x0000000087500000, 0x0000000087500000, 0x0000000087600000|  0%| F|  |TAMS 0x0000000087500000, 0x0000000087500000| Untracked 
|  94|0x0000000087600000, 0x0000000087600000, 0x0000000087700000|  0%| F|  |TAMS 0x0000000087600000, 0x0000000087600000| Untracked 
|  95|0x0000000087700000, 0x0000000087700000, 0x0000000087800000|  0%| F|  |TAMS 0x0000000087700000, 0x0000000087700000| Untracked 
|  96|0x0000000087800000, 0x0000000087800000, 0x0000000087900000|  0%| F|  |TAMS 0x0000000087800000, 0x0000000087800000| Untracked 
|  97|0x0000000087900000, 0x0000000087900000, 0x0000000087a00000|  0%| F|  |TAMS 0x0000000087900000, 0x0000000087900000| Untracked 
|  98|0x0000000087a00000, 0x0000000087a00000, 0x0000000087b00000|  0%| F|  |TAMS 0x0000000087a00000, 0x0000000087a00000| Untracked 
|  99|0x0000000087b00000, 0x0000000087b00000, 0x0000000087c00000|  0%| F|  |TAMS 0x0000000087b00000, 0x0000000087b00000| Untracked 
| 100|0x0000000087c00000, 0x0000000087c00000, 0x0000000087d00000|  0%| F|  |TAMS 0x0000000087c00000, 0x0000000087c00000| Untracked 
| 101|0x0000000087d00000, 0x0000000087d00000, 0x0000000087e00000|  0%| F|  |TAMS 0x0000000087d00000, 0x0000000087d00000| Untracked 
| 102|0x0000000087e00000, 0x0000000087e00000, 0x0000000087f00000|  0%| F|  |TAMS 0x0000000087e00000, 0x0000000087e00000| Untracked 
| 103|0x0000000087f00000, 0x0000000087f00000, 0x0000000088000000|  0%| F|  |TAMS 0x0000000087f00000, 0x0000000087f00000| Untracked 
| 104|0x0000000088000000, 0x0000000088000000, 0x0000000088100000|  0%| F|  |TAMS 0x0000000088000000, 0x0000000088000000| Untracked 
| 105|0x0000000088100000, 0x0000000088100000, 0x0000000088200000|  0%| F|  |TAMS 0x0000000088100000, 0x0000000088100000| Untracked 
| 106|0x0000000088200000, 0x0000000088200000, 0x0000000088300000|  0%| F|  |TAMS 0x0000000088200000, 0x0000000088200000| Untracked 
| 107|0x0000000088300000, 0x0000000088300000, 0x0000000088400000|  0%| F|  |TAMS 0x0000000088300000, 0x0000000088300000| Untracked 
| 108|0x0000000088400000, 0x0000000088400000, 0x0000000088500000|  0%| F|  |TAMS 0x0000000088400000, 0x0000000088400000| Untracked 
| 109|0x0000000088500000, 0x0000000088500000, 0x0000000088600000|  0%| F|  |TAMS 0x0000000088500000, 0x0000000088500000| Untracked 
| 110|0x0000000088600000, 0x0000000088600000, 0x0000000088700000|  0%| F|  |TAMS 0x0000000088600000, 0x0000000088600000| Untracked 
| 111|0x0000000088700000, 0x0000000088700000, 0x0000000088800000|  0%| F|  |TAMS 0x0000000088700000, 0x0000000088700000| Untracked 
| 112|0x0000000088800000, 0x0000000088800000, 0x0000000088900000|  0%| F|  |TAMS 0x0000000088800000, 0x0000000088800000| Untracked 
| 113|0x0000000088900000, 0x0000000088900000, 0x0000000088a00000|  0%| F|  |TAMS 0x0000000088900000, 0x0000000088900000| Untracked 
| 114|0x0000000088a00000, 0x0000000088a00000, 0x0000000088b00000|  0%| F|  |TAMS 0x0000000088a00000, 0x0000000088a00000| Untracked 
| 115|0x0000000088b00000, 0x0000000088b00000, 0x0000000088c00000|  0%| F|  |TAMS 0x0000000088b00000, 0x0000000088b00000| Untracked 
| 116|0x0000000088c00000, 0x0000000088c00000, 0x0000000088d00000|  0%| F|  |TAMS 0x0000000088c00000, 0x0000000088c00000| Untracked 
| 117|0x0000000088d00000, 0x0000000088d00000, 0x0000000088e00000|  0%| F|  |TAMS 0x0000000088d00000, 0x0000000088d00000| Untracked 
| 118|0x0000000088e00000, 0x0000000088e00000, 0x0000000088f00000|  0%| F|  |TAMS 0x0000000088e00000, 0x0000000088e00000| Untracked 
| 119|0x0000000088f00000, 0x0000000088f00000, 0x0000000089000000|  0%| F|  |TAMS 0x0000000088f00000, 0x0000000088f00000| Untracked 
| 120|0x0000000089000000, 0x0000000089000000, 0x0000000089100000|  0%| F|  |TAMS 0x0000000089000000, 0x0000000089000000| Untracked 
| 121|0x0000000089100000, 0x0000000089100000, 0x0000000089200000|  0%| F|  |TAMS 0x0000000089100000, 0x0000000089100000| Untracked 
| 122|0x0000000089200000, 0x00000000892868a0, 0x0000000089300000| 52%| E|  |TAMS 0x0000000089200000, 0x0000000089200000| Complete 
| 123|0x0000000089300000, 0x0000000089400000, 0x0000000089400000|100%| E|CS|TAMS 0x0000000089300000, 0x0000000089300000| Complete 
| 124|0x0000000089400000, 0x0000000089500000, 0x0000000089500000|100%| E|CS|TAMS 0x0000000089400000, 0x0000000089400000| Complete 
| 125|0x0000000089500000, 0x0000000089600000, 0x0000000089600000|100%| E|CS|TAMS 0x0000000089500000, 0x0000000089500000| Complete 
| 126|0x0000000089600000, 0x0000000089700000, 0x0000000089700000|100%| E|CS|TAMS 0x0000000089600000, 0x0000000089600000| Complete 
| 127|0x0000000089700000, 0x0000000089800000, 0x0000000089800000|100%| E|CS|TAMS 0x0000000089700000, 0x0000000089700000| Complete 

Card table byte_map: [0x000002752d6b0000,0x000002752dab0000] _byte_map_base: 0x000002752d2a4000

Marking Bits (Prev, Next): (CMBitMap*) 0x000002751ad7ffe0, (CMBitMap*) 0x000002751ad80020
 Prev Bits: [0x000002752deb0000, 0x000002752fe50000)
 Next Bits: [0x000002752fe50000, 0x0000027531df0000)

Polling page: 0x000002751a520000

Metaspace:

Usage:
  Non-class:      8.67 MB used.
      Class:    843.22 KB used.
       Both:      9.50 MB used.

Virtual space:
  Non-class space:       16.00 MB reserved,       8.75 MB ( 55%) committed,  2 nodes.
      Class space:        1.00 GB reserved,     896.00 KB ( <1%) committed,  1 nodes.
              Both:        1.02 GB reserved,       9.62 MB ( <1%) committed. 

Chunk freelists:
   Non-Class:  2.73 MB
       Class:  2.98 MB
        Both:  5.71 MB

MaxMetaspaceSize: 17179869184.00 GB
CompressedClassSpaceSize: 1.00 GB
 - commit_granule_bytes: 65536.
 - commit_granule_words: 8192.
 - virtual_space_node_default_size: 1048576.
 - enlarge_chunks_in_place: 1.
 - new_chunks_are_fully_committed: 0.
 - uncommit_free_chunks: 1.
 - use_allocation_guard: 0.
 - handle_deallocations: 1.


Internal statistics:

num_allocs_failed_limit: 0.
num_arena_births: 14.
num_arena_deaths: 0.
num_vsnodes_births: 3.
num_vsnodes_deaths: 0.
num_space_committed: 154.
num_space_uncommitted: 0.
num_chunks_returned_to_freelist: 0.
num_chunks_taken_from_freelist: 54.
num_chunk_merges: 0.
num_chunk_splits: 25.
num_chunks_enlarged: 16.
num_purges: 0.

CodeHeap 'non-profiled nmethods': size=120000Kb used=132Kb max_used=132Kb free=119867Kb
 bounds [0x0000027525d80000, 0x0000027525ff0000, 0x000002752d2b0000]
CodeHeap 'profiled nmethods': size=120000Kb used=637Kb max_used=637Kb free=119362Kb
 bounds [0x000002751e850000, 0x000002751eac0000, 0x0000027525d80000]
CodeHeap 'non-nmethods': size=5760Kb used=1206Kb max_used=1224Kb free=4553Kb
 bounds [0x000002751e2b0000, 0x000002751e520000, 0x000002751e850000]
 total_blobs=848 nmethods=435 adapters=326
 compilation: enabled
              stopped_count=0, restarted_count=0
 full_count=0

Compilation events (20 events):
Event: 82.774 Thread 0x0000027534c1d170  431       3       org.eclipse.jdt.launching.internal.org.objectweb.asm.SymbolTable$Entry::<init> (17 bytes)
Event: 82.774 Thread 0x0000027534c1a810  434       4       org.eclipse.jdt.launching.internal.org.objectweb.asm.ClassReader::readUnsignedShort (26 bytes)
Event: 82.774 Thread 0x0000027534c1d170 nmethod 431 0x000002751e8ed790 code [0x000002751e8ed940, 0x000002751e8edae8]
Event: 82.774 Thread 0x0000027534c1d170  432       3       org.eclipse.jdt.launching.internal.org.objectweb.asm.ClassReader::readUtf (161 bytes)
Event: 82.777 Thread 0x0000027534c1d170 

Event: 82.777 Thread 0x0000027534c1d170  433       3       org.eclipse.jdt.launching.internal.org.objectweb.asm.ClassReader::readUTF8 (23 bytes)
Event: 82.777 Thread 0x0000027534c1a810 

Event: 82.778 Thread 0x0000027534c1d170 nmethod 433 0x000002751e8edb90 code [0x000002751e8edd60, 0x000002751e8edfb8]
Event: 95.906 Thread 0x0000027534c1d170  435       3       org.eclipse.jdt.launching.internal.org.objectweb.asm.ClassReader::readUtf (161 bytes)
Event: 95.907 Thread 0x0000027534c1d170 nmethod 435 0x000002751e8ee090 code [0x000002751e8ee260, 0x000002751e8ee708]
Event: 110.558 Thread 0x0000027534c1d170  436       3       org.eclipse.jdt.launching.internal.org.objectweb.asm.SymbolTable::addConstantUtf8 (20 bytes)
Event: 110.560 Thread 0x0000027534c1d170 

Event: 130.853 Thread 0x0000027534c1a810  437       4       org.eclipse.jdt.launching.internal.org.objectweb.asm.ClassReader::readUnsignedShort (26 bytes)
Event: 130.853 Thread 0x0000027534c1d170  438       3       org.eclipse.jdt.launching.internal.org.objectweb.asm.ByteVector::putShort (52 bytes)
Event: 130.853 Thread 0x0000027534c1d170 nmethod 438 0x000002751e8eea10 code [0x000002751e8eebc0, 0x000002751e8eedc8]
Event: 130.856 Thread 0x0000027534c1a810 

Event: 140.769 Thread 0x0000027534c1d170  439       3       org.eclipse.jdt.launching.internal.org.objectweb.asm.SymbolTable::addConstantUtf8 (20 bytes)
Event: 140.769 Thread 0x0000027534c1a810  440       4       java.lang.String::equals (50 bytes)
Event: 140.769 Thread 0x0000027534c1d170 nmethod 439 0x000002751e8eef10 code [0x000002751e8ef0e0, 0x000002751e8ef388]
Event: 140.773 Thread 0x0000027534c1a810 


GC Heap History (0 events):
No events

Deoptimization events (20 events):
Event: 0.554 Thread 0x000002751ad433d0 DEOPT PACKING pc=0x000002751e8d74db sp=0x000000e2a3efc7c0
Event: 0.554 Thread 0x000002751ad433d0 DEOPT UNPACKING pc=0x000002751e2fdece sp=0x000000e2a3efbc28 mode 0
Event: 0.555 Thread 0x000002751ad433d0 DEOPT PACKING pc=0x000002751e8d74db sp=0x000000e2a3efc7c0
Event: 0.555 Thread 0x000002751ad433d0 DEOPT UNPACKING pc=0x000002751e2fdece sp=0x000000e2a3efbc28 mode 0
Event: 0.556 Thread 0x000002751ad433d0 DEOPT PACKING pc=0x000002751e8d74db sp=0x000000e2a3efc7c0
Event: 0.556 Thread 0x000002751ad433d0 DEOPT UNPACKING pc=0x000002751e2fdece sp=0x000000e2a3efbc28 mode 0
Event: 0.556 Thread 0x000002751ad433d0 DEOPT PACKING pc=0x000002751e8d74db sp=0x000000e2a3efc7c0
Event: 0.556 Thread 0x000002751ad433d0 DEOPT UNPACKING pc=0x000002751e2fdece sp=0x000000e2a3efbc28 mode 0
Event: 0.562 Thread 0x000002751ad433d0 DEOPT PACKING pc=0x000002751e8d74db sp=0x000000e2a3efc7c0
Event: 0.562 Thread 0x000002751ad433d0 DEOPT UNPACKING pc=0x000002751e2fdece sp=0x000000e2a3efbc28 mode 0
Event: 0.568 Thread 0x000002751ad433d0 DEOPT PACKING pc=0x000002751e8d74db sp=0x000000e2a3ef8980
Event: 0.568 Thread 0x000002751ad433d0 DEOPT UNPACKING pc=0x000002751e2fdece sp=0x000000e2a3ef7de8 mode 0
Event: 0.568 Thread 0x000002751ad433d0 DEOPT PACKING pc=0x000002751e8d74db sp=0x000000e2a3ef8980
Event: 0.568 Thread 0x000002751ad433d0 DEOPT UNPACKING pc=0x000002751e2fdece sp=0x000000e2a3ef7de8 mode 0
Event: 0.569 Thread 0x000002751ad433d0 DEOPT PACKING pc=0x000002751e8d74db sp=0x000000e2a3ef8980
Event: 0.569 Thread 0x000002751ad433d0 DEOPT UNPACKING pc=0x000002751e2fdece sp=0x000000e2a3ef7de8 mode 0
Event: 0.569 Thread 0x000002751ad433d0 DEOPT PACKING pc=0x000002751e8d74db sp=0x000000e2a3ef8980
Event: 0.569 Thread 0x000002751ad433d0 DEOPT UNPACKING pc=0x000002751e2fdece sp=0x000000e2a3ef7de8 mode 0
Event: 0.570 Thread 0x000002751ad433d0 DEOPT PACKING pc=0x000002751e8d73f0 sp=0x000000e2a3ef8980
Event: 0.570 Thread 0x000002751ad433d0 DEOPT UNPACKING pc=0x000002751e2fdece sp=0x000000e2a3ef7de8 mode 0

Classes unloaded (0 events):
No events

Classes redefined (8 events):
Event: 68.734 Thread 0x00000275342c7800 redefined class name=LeetCode.T362, count=1
Event: 78.684 Thread 0x00000275342c7800 redefined class name=LeetCode.T362, count=2
Event: 82.775 Thread 0x00000275342c7800 redefined class name=LeetCode.T362, count=3
Event: 95.907 Thread 0x00000275342c7800 redefined class name=LeetCode.T362, count=4
Event: 110.559 Thread 0x00000275342c7800 redefined class name=LeetCode.T362, count=5
Event: 130.854 Thread 0x00000275342c7800 redefined class name=LeetCode.T362, count=6
Event: 140.770 Thread 0x00000275342c7800 redefined class name=LeetCode.T362, count=7
Event: 330.547 Thread 0x00000275342c7800 redefined class name=LeetCode.T362, count=8

Internal exceptions (2 events):
Event: 0.192 Thread 0x000002751ad433d0 Exception <a 'java/lang/NoSuchMethodError'{0x00000000896295f8}: 'void java.lang.invoke.DirectMethodHandle$Holder.invokeVirtual(java.lang.Object, java.lang.Object)'> (0x00000000896295f8) 
thrown [t:\workspace\open\src\hotspot\share\interpreter\linkResolver.cpp, line 790]
Event: 0.513 Thread 0x000002751ad433d0 Exception <a 'java/lang/NoSuchMethodError'{0x000000008933a778}: 'java.lang.Object java.lang.invoke.DirectMethodHandle$Holder.invokeStatic(java.lang.Object)'> (0x000000008933a778) 
thrown [t:\workspace\open\src\hotspot\share\interpreter\linkResolver.cpp, line 790]

Events (20 events):
Event: 169.205 Executing  VM operation: ChangeBreakpoints
Event: 169.205 Executing  VM operation: ChangeBreakpoints done
Event: 184.748 Executing  VM operation: ChangeBreakpoints
Event: 184.748 Executing  VM operation: ChangeBreakpoints done
Event: 206.433 Executing  VM operation: ChangeBreakpoints
Event: 206.434 Executing  VM operation: ChangeBreakpoints done
Event: 330.543 Executing  VM operation: ChangeSingleStep
Event: 330.543 Executing  VM operation: ChangeSingleStep done
Event: 330.543 Executing  VM operation: ChangeSingleStep
Event: 330.543 Executing  VM operation: ChangeSingleStep done
Event: 330.546 Executing  VM operation: RedefineClasses
Event: 330.549 Executing  VM operation: RedefineClasses done
Event: 330.553 Executing  VM operation: ChangeBreakpoints
Event: 330.553 Executing  VM operation: ChangeBreakpoints done
Event: 330.558 Executing  VM operation: ChangeBreakpoints
Event: 330.558 Executing  VM operation: ChangeBreakpoints done
Event: 330.562 Executing  VM operation: ChangeBreakpoints
Event: 330.562 Executing  VM operation: ChangeBreakpoints done
Event: 330.563 Executing  VM operation: ChangeSingleStep
Event: 330.564 Executing  VM operation: ChangeSingleStep done


Dynamic libraries:
0x00007ff796ad0000 - 0x00007ff796ade000 	E:\UW\JAVA\eclipse\plugins\org.eclipse.justj.openjdk.hotspot.jre.full.win32.x86_64_16.0.1.v20210528-1205\jre\bin\javaw.exe
0x00007ff86e670000 - 0x00007ff86e865000 	C:\WINDOWS\SYSTEM32\ntdll.dll
0x00007ff86e110000 - 0x00007ff86e1ce000 	C:\WINDOWS\System32\KERNEL32.DLL
0x00007ff86c1e0000 - 0x00007ff86c4a8000 	C:\WINDOWS\System32\KERNELBASE.dll
0x00007ff86c0e0000 - 0x00007ff86c1e0000 	C:\WINDOWS\System32\ucrtbase.dll
0x00007ff865e00000 - 0x00007ff865e18000 	E:\UW\JAVA\eclipse\plugins\org.eclipse.justj.openjdk.hotspot.jre.full.win32.x86_64_16.0.1.v20210528-1205\jre\bin\jli.dll
0x00007ff86e280000 - 0x00007ff86e421000 	C:\WINDOWS\System32\USER32.dll
0x00007ff86c680000 - 0x00007ff86c6a2000 	C:\WINDOWS\System32\win32u.dll
0x00007ff86e0e0000 - 0x00007ff86e10b000 	C:\WINDOWS\System32\GDI32.dll
0x00007ff86be70000 - 0x00007ff86bf7d000 	C:\WINDOWS\System32\gdi32full.dll
0x00007ff86c5e0000 - 0x00007ff86c67d000 	C:\WINDOWS\System32\msvcp_win.dll
0x00007ff859ff0000 - 0x00007ff85a009000 	E:\UW\JAVA\eclipse\plugins\org.eclipse.justj.openjdk.hotspot.jre.full.win32.x86_64_16.0.1.v20210528-1205\jre\bin\VCRUNTIME140.dll
0x00007ff858b00000 - 0x00007ff858d9a000 	C:\WINDOWS\WinSxS\amd64_microsoft.windows.common-controls_6595b64144ccf1df_6.0.19041.1110_none_60b5254171f9507e\COMCTL32.dll
0x00007ff86e1e0000 - 0x00007ff86e27e000 	C:\WINDOWS\System32\msvcrt.dll
0x00007ff86c6b0000 - 0x00007ff86c6e0000 	C:\WINDOWS\System32\IMM32.DLL
0x00007ff8673d0000 - 0x00007ff8673dc000 	E:\UW\JAVA\eclipse\plugins\org.eclipse.justj.openjdk.hotspot.jre.full.win32.x86_64_16.0.1.v20210528-1205\jre\bin\vcruntime140_1.dll
0x00007ff855670000 - 0x00007ff855701000 	E:\UW\JAVA\eclipse\plugins\org.eclipse.justj.openjdk.hotspot.jre.full.win32.x86_64_16.0.1.v20210528-1205\jre\bin\msvcp140.dll
0x00007ff80c4d0000 - 0x00007ff80d07b000 	E:\UW\JAVA\eclipse\plugins\org.eclipse.justj.openjdk.hotspot.jre.full.win32.x86_64_16.0.1.v20210528-1205\jre\bin\server\jvm.dll
0x00007ff86c7d0000 - 0x00007ff86c87c000 	C:\WINDOWS\System32\ADVAPI32.dll
0x00007ff86cea0000 - 0x00007ff86cf3b000 	C:\WINDOWS\System32\sechost.dll
0x00007ff86e4e0000 - 0x00007ff86e60a000 	C:\WINDOWS\System32\RPCRT4.dll
0x00007ff86c7c0000 - 0x00007ff86c7c8000 	C:\WINDOWS\System32\PSAPI.DLL
0x00007ff84d260000 - 0x00007ff84d269000 	C:\WINDOWS\SYSTEM32\WSOCK32.dll
0x00007ff86ce30000 - 0x00007ff86ce9b000 	C:\WINDOWS\System32\WS2_32.dll
0x00007ff853bd0000 - 0x00007ff853bf7000 	C:\WINDOWS\SYSTEM32\WINMM.dll
0x00007ff863a30000 - 0x00007ff863a3a000 	C:\WINDOWS\SYSTEM32\VERSION.dll
0x00007ff86a610000 - 0x00007ff86a622000 	C:\WINDOWS\SYSTEM32\kernel.appcore.dll
0x00007ff867360000 - 0x00007ff86736a000 	E:\UW\JAVA\eclipse\plugins\org.eclipse.justj.openjdk.hotspot.jre.full.win32.x86_64_16.0.1.v20210528-1205\jre\bin\jimage.dll
0x00007ff86a240000 - 0x00007ff86a424000 	C:\WINDOWS\SYSTEM32\DBGHELP.DLL
0x00007ff850de0000 - 0x00007ff850e0c000 	C:\WINDOWS\SYSTEM32\dbgcore.DLL
0x00007ff86bde0000 - 0x00007ff86be62000 	C:\WINDOWS\System32\bcryptPrimitives.dll
0x00007ff859fb0000 - 0x00007ff859feb000 	E:\UW\JAVA\eclipse\plugins\org.eclipse.justj.openjdk.hotspot.jre.full.win32.x86_64_16.0.1.v20210528-1205\jre\bin\jdwp.dll
0x00007ff866860000 - 0x00007ff86686e000 	E:\UW\JAVA\eclipse\plugins\org.eclipse.justj.openjdk.hotspot.jre.full.win32.x86_64_16.0.1.v20210528-1205\jre\bin\instrument.dll
0x00007ff857510000 - 0x00007ff857535000 	E:\UW\JAVA\eclipse\plugins\org.eclipse.justj.openjdk.hotspot.jre.full.win32.x86_64_16.0.1.v20210528-1205\jre\bin\java.dll
0x00007ff865fb0000 - 0x00007ff865fc8000 	E:\UW\JAVA\eclipse\plugins\org.eclipse.justj.openjdk.hotspot.jre.full.win32.x86_64_16.0.1.v20210528-1205\jre\bin\zip.dll
0x00007ff86d930000 - 0x00007ff86e074000 	C:\WINDOWS\System32\SHELL32.dll
0x00007ff869aa0000 - 0x00007ff86a234000 	C:\WINDOWS\SYSTEM32\windows.storage.dll
0x00007ff86c940000 - 0x00007ff86cc95000 	C:\WINDOWS\System32\combase.dll
0x00007ff86b7d0000 - 0x00007ff86b7fe000 	C:\WINDOWS\SYSTEM32\Wldp.dll
0x00007ff86e430000 - 0x00007ff86e4dd000 	C:\WINDOWS\System32\SHCORE.dll
0x00007ff86c880000 - 0x00007ff86c8d5000 	C:\WINDOWS\System32\shlwapi.dll
0x00007ff86bcc0000 - 0x00007ff86bcdf000 	C:\WINDOWS\SYSTEM32\profapi.dll
0x00007ff859f50000 - 0x00007ff859f69000 	E:\UW\JAVA\eclipse\plugins\org.eclipse.justj.openjdk.hotspot.jre.full.win32.x86_64_16.0.1.v20210528-1205\jre\bin\net.dll
0x00007ff858da0000 - 0x00007ff858eac000 	C:\WINDOWS\SYSTEM32\WINHTTP.dll
0x00007ff86b4e0000 - 0x00007ff86b54a000 	C:\WINDOWS\system32\mswsock.dll
0x00007ff857d30000 - 0x00007ff857d43000 	E:\UW\JAVA\eclipse\plugins\org.eclipse.justj.openjdk.hotspot.jre.full.win32.x86_64_16.0.1.v20210528-1205\jre\bin\nio.dll
0x00007ff8660c0000 - 0x00007ff8660cc000 	E:\UW\JAVA\eclipse\plugins\org.eclipse.justj.openjdk.hotspot.jre.full.win32.x86_64_16.0.1.v20210528-1205\jre\bin\dt_socket.dll
0x00007ff86b1a0000 - 0x00007ff86b1db000 	C:\WINDOWS\SYSTEM32\IPHLPAPI.DLL
0x00007ff86b1e0000 - 0x00007ff86b2ab000 	C:\WINDOWS\SYSTEM32\DNSAPI.dll
0x00007ff86e1d0000 - 0x00007ff86e1d8000 	C:\WINDOWS\System32\NSI.dll
0x00007ff8637c0000 - 0x00007ff8637ca000 	C:\Windows\System32\rasadhlp.dll
0x00007ff859730000 - 0x00007ff8597af000 	C:\WINDOWS\System32\fwpuclnt.dll
0x00007ff86c5b0000 - 0x00007ff86c5d7000 	C:\WINDOWS\System32\bcrypt.dll
0x00007ff865e20000 - 0x00007ff865e30000 	E:\UW\JAVA\eclipse\plugins\org.eclipse.justj.openjdk.hotspot.jre.full.win32.x86_64_16.0.1.v20210528-1205\jre\bin\verify.dll

dbghelp: loaded successfully - version: 4.0.5 - missing functions: none
symbol engine: initialized successfully - sym options: 0x614 - pdb path: .;E:\UW\JAVA\eclipse\plugins\org.eclipse.justj.openjdk.hotspot.jre.full.win32.x86_64_16.0.1.v20210528-1205\jre\bin;C:\WINDOWS\SYSTEM32;C:\WINDOWS\WinSxS\amd64_microsoft.windows.common-controls_6595b64144ccf1df_6.0.19041.1110_none_60b5254171f9507e;E:\UW\JAVA\eclipse\plugins\org.eclipse.justj.openjdk.hotspot.jre.full.win32.x86_64_16.0.1.v20210528-1205\jre\bin\server

VM Arguments:
jvm_args: -XX:+ShowCodeDetailsInExceptionMessages -agentlib:jdwp=transport=dt_socket,suspend=y,address=localhost:12090 -Xss16m -javaagent:E:\UW\JAVA\eclipse\configuration\org.eclipse.osgi\222\0\.cp\lib\javaagent-shaded.jar -Dfile.encoding=UTF-8 --module-path=C:\Users\cbuyu\eclipse-workspace\ForStudy\bin -Djdk.module.main=ForStudy 
java_command: ForStudy/LeetCode.T362
java_class_path (initial): .;C:\Program Files\Java\jdk-16.0.2\lib\dt.jar;C:\Program Files\Java\jdk-16.0.2\lib\tools.jar;
Launcher Type: SUN_STANDARD

[Global flags]
     intx CICompilerCount                          = 3                                         {product} {ergonomic}
     uint ConcGCThreads                            = 1                                         {product} {ergonomic}
     uint G1ConcRefinementThreads                  = 4                                         {product} {ergonomic}
   size_t G1HeapRegionSize                         = 1048576                                   {product} {ergonomic}
    uintx GCDrainStackTargetSize                   = 64                                        {product} {ergonomic}
   size_t InitialHeapSize                          = 134217728                                 {product} {ergonomic}
   size_t MarkStackSize                            = 4194304                                   {product} {ergonomic}
   size_t MaxHeapSize                              = 2122317824                                {product} {ergonomic}
   size_t MaxNewSize                               = 1272971264                                {product} {ergonomic}
   size_t MinHeapDeltaBytes                        = 1048576                                   {product} {ergonomic}
   size_t MinHeapSize                              = 8388608                                   {product} {ergonomic}
    uintx NonNMethodCodeHeapSize                   = 5832780                                {pd product} {ergonomic}
    uintx NonProfiledCodeHeapSize                  = 122912730                              {pd product} {ergonomic}
    uintx ProfiledCodeHeapSize                     = 122912730                              {pd product} {ergonomic}
    uintx ReservedCodeCacheSize                    = 251658240                              {pd product} {ergonomic}
     bool SegmentedCodeCache                       = true                                      {product} {ergonomic}
     bool ShowCodeDetailsInExceptionMessages       = true                                   {manageable} {command line}
   size_t SoftMaxHeapSize                          = 2122317824                             {manageable} {ergonomic}
     intx ThreadStackSize                          = 16384                                  {pd product} {command line}
     bool UseCompressedClassPointers               = true                           {product lp64_product} {ergonomic}
     bool UseCompressedOops                        = true                           {product lp64_product} {ergonomic}
     bool UseG1GC                                  = true                                      {product} {ergonomic}
     bool UseLargePagesIndividualAllocation        = false                                  {pd product} {ergonomic}

Logging:
Log output configuration:
 #0: stdout all=warning uptime,level,tags
 #1: stderr all=off uptime,level,tags

Environment Variables:
JAVA_HOME=C:\Program Files\Java\jdk-16.0.2
CLASSPATH=.;C:\Program Files\Java\jdk-16.0.2\lib\dt.jar;C:\Program Files\Java\jdk-16.0.2\lib\tools.jar;
PATH=E:\UW\JAVA\eclipse\plugins\org.eclipse.justj.openjdk.hotspot.jre.full.win32.x86_64_16.0.1.v20210528-1205\jre\bin;E:/UW/JAVA/eclipse//plugins/org.eclipse.justj.openjdk.hotspot.jre.full.win32.x86_64_16.0.1.v20210528-1205/jre/bin/server;E:/UW/JAVA/eclipse//plugins/org.eclipse.justj.openjdk.hotspot.jre.full.win32.x86_64_16.0.1.v20210528-1205/jre/bin;C:\Program Files\Common Files\Oracle\Java\javapath;C:\Program Files (x86)\Common Files\Oracle\Java\javapath;C:\Windows\system32;C:\Windows;C:\Windows\System32\Wbem;C:\Windows\System32\WindowsPowerShell\v1.0\;C:\Program Files (x86)\NVIDIA Corporation\PhysX\Common;C:\WINDOWS\system32;C:\WINDOWS;C:\WINDOWS\System32\Wbem;C:\WINDOWS\System32\WindowsPowerShell\v1.0\;C:\WINDOWS\System32\OpenSSH\;C:\Program Files\TortoiseSVN\bin;C:\Program Files\NVIDIA Corporation\NVIDIA NvDLISR;c:\Program Files (x86)\Intel\Intel(R) Management Engine Components\DAL;c:\Program Files\Intel\Intel(R) Management Engine Components\DAL;C:\Program Files (x86)\Calibre2\;C:\WINDOWS\system32;C:\WINDOWS;C:\WINDOWS\System32\Wbem;C:\WINDOWS\System32\WindowsPowerShell\v1.0\;C:\WINDOWS\System32\OpenSSH\;"C:\Program Files\Java\jdk-16.0.2\bin;";"C:\Program Files\Java\jdk-16.0.2\jre\bin;";C:\Program Files\Git\cmd;C:\Program Files\PostgreSQL\14\bin;C:\Program Files\nodejs\;C:\ProgramData\chocolatey\bin;C:\Users\cbuyu\AppData\Local\Programs\Python\Python38\Scripts\;C:\Users\cbuyu\AppData\Local\Programs\Python\Python38\;C:\Users\cbuyu\AppData\Local\Programs\Python\Launcher\;C:\Program Files (x86)\OpenVPN\bin;C:\Users\cbuyu\AppData\Local\GitHubDesktop\bin;";C:\Program Files\Java\jdk1.8.0_172\jre\bin";C:\Program Files\Java\jdk1.8.0_172\bin;C:\Users\cbuyu\AppData\Local\Microsoft\WindowsApps;C:\Users\cbuyu\AppData\Local\Microsoft\WindowsApps;C:\Users\cbuyu\AppData\Local\Programs\Microsoft VS Code\bin;C:\Program Files\PostgreSQL\14\bin;C:\Users\cbuyu\AppData\Roaming\npm;C:\Program Files\nodejs\;C:\Users\cbuyu\AppData\Local\atom\bin;E:\UW\JAVA\eclipse;
USERNAME=cbuyu
OS=Windows_NT
PROCESSOR_IDENTIFIER=Intel64 Family 6 Model 142 Stepping 9, GenuineIntel



---------------  S Y S T E M  ---------------

OS:
 Windows 10 , 64 bit Build 19041 (10.0.19041.1348)
OS uptime: 2 days 2:30 hours
Hyper-V role detected

CPU: total 4 (initial active 4) (2 cores per cpu, 2 threads per core) family 6 model 142 stepping 9 microcode 0xb4, cx8, cmov, fxsr, ht, mmx, 3dnowpref, sse, sse2, sse3, ssse3, sse4.1, sse4.2, popcnt, lzcnt, tsc, tscinvbit, avx, avx2, aes, erms, clmul, bmi1, bmi2, adx, fma, vzeroupper, clflush, clflushopt, hv

Memory: 4k page, system-wide physical 8094M (1181M free)
TotalPageFile size 15774M (AvailPageFile size 3558M)
current process WorkingSet (physical memory assigned to process): 46M, peak: 47M
current process commit charge ("private bytes"): 202M, peak: 204M

vm_info: OpenJDK 64-Bit Server VM (16.0.1+9-24) for windows-amd64 JRE (16.0.1+9-24), built on Mar 26 2021 19:30:07 by "mach5one" with MS VC++ 16.7 (VS2019)

END.
